c:\users\cge20\onedrive - camosun college\ics 214\labs\tetris\tetris\debug\vc143.pdb
c:\users\cge20\onedrive - camosun college\ics 214\labs\tetris\tetris\debug\vc143.idb
c:\users\cge20\onedrive - camosun college\ics 214\labs\tetris\tetris\debug\tetromino.obj
c:\users\cge20\onedrive - camosun college\ics 214\labs\tetris\tetris\debug\tetrisgame.obj
c:\users\cge20\onedrive - camosun college\ics 214\labs\tetris\tetris\debug\testsuite.obj
c:\users\cge20\onedrive - camosun college\ics 214\labs\tetris\tetris\debug\source.obj
c:\users\cge20\onedrive - camosun college\ics 214\labs\tetris\tetris\debug\point.obj
c:\users\cge20\onedrive - camosun college\ics 214\labs\tetris\tetris\debug\main.obj
c:\users\cge20\onedrive - camosun college\ics 214\labs\tetris\tetris\debug\gridtetromino.obj
c:\users\cge20\onedrive - camosun college\ics 214\labs\tetris\tetris\debug\gameboard.obj
c:\users\cge20\onedrive - camosun college\ics 214\labs\tetris\tetris\debug\tetris.ilk
c:\users\cge20\onedrive - camosun college\ics 214\labs\tetris\debug\tetris.pdb
c:\users\cge20\onedrive - camosun college\ics 214\labs\tetris\debug\tetris.exe
c:\users\cge20\onedrive - camosun college\ics 214\labs\tetris\tetris\debug\tetris.tlog\cl.command.1.tlog
c:\users\cge20\onedrive - camosun college\ics 214\labs\tetris\tetris\debug\tetris.tlog\cl.items.tlog
c:\users\cge20\onedrive - camosun college\ics 214\labs\tetris\tetris\debug\tetris.tlog\cl.read.1.tlog
c:\users\cge20\onedrive - camosun college\ics 214\labs\tetris\tetris\debug\tetris.tlog\cl.write.1.tlog
c:\users\cge20\onedrive - camosun college\ics 214\labs\tetris\tetris\debug\tetris.tlog\link.command.1.tlog
c:\users\cge20\onedrive - camosun college\ics 214\labs\tetris\tetris\debug\tetris.tlog\link.read.1.tlog
c:\users\cge20\onedrive - camosun college\ics 214\labs\tetris\tetris\debug\tetris.tlog\link.write.1.tlog
